mode: set
github.com/teruyoshi/todoApp/internal/features/todoFetch/repository/mysql/repository.go:14.61,16.16 2 0
github.com/teruyoshi/todoApp/internal/features/todoFetch/repository/mysql/repository.go:16.16,18.3 1 0
github.com/teruyoshi/todoApp/internal/features/todoFetch/repository/mysql/repository.go:19.2,19.37 1 0
github.com/teruyoshi/todoApp/internal/features/todoFetch/repository/mysql/t_todo.go:12.33,14.2 1 0
github.com/teruyoshi/todoApp/cmd/todo_app/main.go:13.13,26.45 3 0
github.com/teruyoshi/todoApp/cmd/todo_app/main.go:26.45,27.63 1 0
github.com/teruyoshi/todoApp/cmd/todo_app/main.go:27.63,30.4 2 0
github.com/teruyoshi/todoApp/cmd/todo_app/main.go:32.3,32.34 1 0
github.com/teruyoshi/todoApp/cmd/todo_app/main.go:35.2,40.76 2 0
github.com/teruyoshi/todoApp/cmd/todo_app/main.go:40.76,42.3 1 0
github.com/teruyoshi/todoApp/internal/features/todos/usecase/create.go:12.69,14.2 1 0
github.com/teruyoshi/todoApp/internal/features/todos/usecase/create.go:16.73,18.2 1 0
github.com/teruyoshi/todoApp/internal/features/todos/repository/mysql/repository.go:17.64,19.2 1 0
github.com/teruyoshi/todoApp/internal/features/todos/repository/mysql/repository.go:21.61,23.16 2 0
github.com/teruyoshi/todoApp/internal/features/todos/repository/mysql/repository.go:23.16,25.3 1 0
github.com/teruyoshi/todoApp/internal/features/todos/repository/mysql/repository.go:26.2,26.37 1 0
github.com/teruyoshi/todoApp/internal/features/todos/repository/mysql/repository.go:29.69,36.52 2 0
github.com/teruyoshi/todoApp/internal/features/todos/repository/mysql/repository.go:36.52,38.3 1 0
github.com/teruyoshi/todoApp/internal/features/todos/repository/mysql/repository.go:39.2,44.8 1 0
github.com/teruyoshi/todoApp/internal/features/todos/repository/mysql/repository.go:48.57,50.67 2 0
github.com/teruyoshi/todoApp/internal/features/todos/repository/mysql/repository.go:50.67,52.3 1 0
github.com/teruyoshi/todoApp/internal/features/todos/repository/mysql/repository.go:54.2,55.29 2 0
github.com/teruyoshi/todoApp/internal/features/todos/repository/mysql/repository.go:55.29,62.3 1 0
github.com/teruyoshi/todoApp/internal/features/todos/repository/mysql/repository.go:63.2,63.19 1 0
github.com/teruyoshi/todoApp/internal/features/todos/repository/mysql/t_todo.go:11.33,13.2 1 0
github.com/teruyoshi/todoApp/internal/router/todo.go:14.39,21.16 3 1
github.com/teruyoshi/todoApp/internal/router/todo.go:21.16,22.13 1 1
github.com/teruyoshi/todoApp/internal/router/todo.go:24.2,24.71 1 0
github.com/teruyoshi/todoApp/internal/router/todo.go:24.71,25.13 1 0
github.com/teruyoshi/todoApp/internal/router/todo.go:27.2,30.35 3 0
