mode: set
github.com/teruyoshi/todoApp/cmd/todo_app/main.go:21.13,23.16 2 0
github.com/teruyoshi/todoApp/cmd/todo_app/main.go:23.16,25.3 1 0
github.com/teruyoshi/todoApp/cmd/todo_app/main.go:27.2,48.16 5 0
github.com/teruyoshi/todoApp/cmd/todo_app/main.go:48.16,49.13 1 0
github.com/teruyoshi/todoApp/cmd/todo_app/main.go:51.2,52.71 2 0
github.com/teruyoshi/todoApp/cmd/todo_app/main.go:52.71,53.13 1 0
github.com/teruyoshi/todoApp/cmd/todo_app/main.go:55.2,59.45 3 0
github.com/teruyoshi/todoApp/cmd/todo_app/main.go:59.45,60.63 1 0
github.com/teruyoshi/todoApp/cmd/todo_app/main.go:60.63,63.4 2 0
github.com/teruyoshi/todoApp/cmd/todo_app/main.go:65.3,65.43 1 0
github.com/teruyoshi/todoApp/cmd/todo_app/main.go:68.2,73.76 2 0
github.com/teruyoshi/todoApp/cmd/todo_app/main.go:73.76,75.3 1 0
github.com/teruyoshi/todoApp/internal/features/todos/handler/http.go:15.58,17.2 1 1
github.com/teruyoshi/todoApp/internal/features/todos/handler/http.go:19.70,21.59 2 1
github.com/teruyoshi/todoApp/internal/features/todos/handler/http.go:21.59,24.3 2 1
github.com/teruyoshi/todoApp/internal/features/todos/handler/http.go:26.2,27.16 2 1
github.com/teruyoshi/todoApp/internal/features/todos/handler/http.go:27.16,30.3 2 1
github.com/teruyoshi/todoApp/internal/features/todos/handler/http.go:32.2,33.56 2 1
github.com/teruyoshi/todoApp/internal/features/todos/handler/http.go:33.56,36.3 2 1
github.com/teruyoshi/todoApp/internal/features/todos/handler/http.go:39.69,41.2 1 0
github.com/teruyoshi/todoApp/internal/features/todos/handler/mock_http.go:16.71,18.2 1 0
github.com/teruyoshi/todoApp/internal/features/todos/handler/mock_http.go:25.74,27.2 1 0
github.com/teruyoshi/todoApp/internal/features/todos/handler/mock_http.go:29.73,31.2 1 0
github.com/teruyoshi/todoApp/internal/features/todos/repository/mysql/repository.go:16.53,18.2 1 1
github.com/teruyoshi/todoApp/internal/features/todos/repository/mysql/repository.go:20.64,22.2 1 0
github.com/teruyoshi/todoApp/internal/features/todos/repository/mysql/repository.go:24.69,31.52 2 1
github.com/teruyoshi/todoApp/internal/features/todos/repository/mysql/repository.go:31.52,33.3 1 0
github.com/teruyoshi/todoApp/internal/features/todos/repository/mysql/repository.go:34.2,39.8 1 1
github.com/teruyoshi/todoApp/internal/features/todos/repository/mysql/repository.go:43.57,45.67 2 1
github.com/teruyoshi/todoApp/internal/features/todos/repository/mysql/repository.go:45.67,47.3 1 0
github.com/teruyoshi/todoApp/internal/features/todos/repository/mysql/repository.go:49.2,50.29 2 1
github.com/teruyoshi/todoApp/internal/features/todos/repository/mysql/repository.go:50.29,57.3 1 1
github.com/teruyoshi/todoApp/internal/features/todos/repository/mysql/repository.go:58.2,58.19 1 1
github.com/teruyoshi/todoApp/internal/features/todos/repository/mysql/t_todo.go:11.33,13.2 1 1
github.com/teruyoshi/todoApp/internal/features/todos/usecase/create.go:19.69,21.2 1 1
github.com/teruyoshi/todoApp/internal/features/todos/usecase/create.go:23.73,25.2 1 1
github.com/teruyoshi/todoApp/internal/router/todo.go:14.60,17.2 2 1
